<?xml version="1.0" encoding="UTF-8"?>
<!-- Generated by org.testng.reporters.JUnitXMLReporter -->
<testsuite ignored="0" hostname="DESKTOP-7A99TFS" failures="0" tests="4" name="Test" time="0.469" errors="0" timestamp="2024-08-20T21:24:29 IST">
  <testcase classname="A" name="@BeforeTest launch" time="-1.724169268674E9">
    <failure type="org.testng.TestNGException" message="
Parameter &amp;apos;browser&amp;apos; is required by BeforeTest on method launch but has not been marked @Optional or defined
in C:\Users\Brigosha_Guest\eclipse-workspace\Practice\testng.xml">
      <![CDATA[org.testng.TestNGException: 
Parameter 'browser' is required by BeforeTest on method launch but has not been marked @Optional or defined
in C:\Users\Brigosha_Guest\eclipse-workspace\Practice\testng.xml
... Removed 21 stack frames]]>
    </failure>
  </testcase> <!-- @BeforeTest launch -->
  <testcase classname="A" name="openSite" time="0.0">
    <skipped/>
  </testcase> <!-- openSite -->
  <testcase classname="C" name="flipkart" time="0.0">
    <skipped/>
  </testcase> <!-- flipkart -->
  <testcase classname="B" name="flipkart" time="0.0">
    <skipped/>
  </testcase> <!-- flipkart -->
  <testcase classname="B" name="mytra" time="0.0">
    <skipped/>
  </testcase> <!-- mytra -->
</testsuite> <!-- Test -->
